[2016-06-02 11:01:51] START
[2016-06-02 11:01:51] DELETE esQltoR/views/default/lista_de_escultores.html: -2
[2016-06-02 11:02:41] EDIT esQltoR/models/menu.py: -1
[2016-06-02 11:03:00] EDIT esQltoR/controllers/default.py: -2
[2016-06-02 11:53:08] EDIT esQltoR/views/default/index.html: 0
[2016-06-02 11:53:19] EDIT esQltoR/views/default/index.html: 0
[2016-06-02 11:53:49] EDIT esQltoR/views/default/user.html: 0
[2016-06-02 11:54:06] EDIT esQltoR/views/generic.html: 0
[2016-06-02 11:54:24] EDIT esQltoR/views/appadmin.html: 0
[2016-06-02 11:54:41] EDIT esQltoR/views/default/error.html: 0
[2016-06-02 11:57:28] EDIT esQltoR/static/css/web2py-bootstrap3.css: 9
[2016-06-02 11:59:00] EDIT esQltoR/static/css/web2py-bootstrap3.css: 3
[2016-06-02 11:59:40] EDIT esQltoR/static/css/web2py-bootstrap3.css: 0
[2016-06-02 11:59:48] EDIT esQltoR/static/css/web2py-bootstrap3.css: 0
[2016-06-02 12:04:26] EDIT esQltoR/static/css/web2py-bootstrap3.css: 6
[2016-06-02 12:04:41] EDIT esQltoR/static/css/web2py-bootstrap3.css: 0
[2016-06-02 12:06:05] EDIT esQltoR/static/css/web2py-bootstrap3.css: 6
[2016-06-02 12:06:23] EDIT esQltoR/static/css/web2py-bootstrap3.css: 3
[2016-06-02 12:07:05] EDIT esQltoR/static/css/web2py-bootstrap3.css: 0
[2016-06-02 12:07:22] EDIT esQltoR/static/css/web2py-bootstrap3.css: 0
[2016-06-02 12:07:44] EDIT esQltoR/static/css/web2py-bootstrap3.css: 0
[2016-06-02 12:08:01] EDIT esQltoR/static/css/web2py-bootstrap3.css: 0
[2016-06-02 12:08:27] EDIT esQltoR/static/css/web2py-bootstrap3.css: 0
[2016-06-02 12:09:13] EDIT esQltoR/static/css/web2py-bootstrap3.css: 0
[2016-06-02 12:11:10] EDIT esQltoR/static/css/web2py-bootstrap3.css: -18
[2016-06-02 12:13:55] EDIT esQltoR/static/css/web2py-bootstrap3.css: 3
[2016-06-02 12:18:52] EDIT esQltoR/static/css/web2py-bootstrap3.css: -2
[2016-06-02 12:19:00] EDIT esQltoR/static/css/web2py-bootstrap3.css: -1
[2016-06-02 12:23:58] EDIT esQltoR/static/css/web2py-bootstrap3.css: 6
[2016-06-02 12:24:22] EDIT esQltoR/static/css/web2py-bootstrap3.css: -6
[2016-06-02 12:27:50] EDIT esQltoR/static/css/web2py-bootstrap3.css: 6
[2016-06-02 12:29:31] EDIT esQltoR/static/css/web2py-bootstrap3.css: 6
[2016-06-02 12:30:23] EDIT esQltoR/static/css/web2py-bootstrap3.css: 0
[2016-06-02 12:31:13] EDIT esQltoR/static/css/web2py-bootstrap3.css: 0
[2016-06-02 12:31:44] EDIT esQltoR/static/css/web2py-bootstrap3.css: 0
[2016-06-02 12:34:04] EDIT esQltoR/static/css/web2py-bootstrap3.css: -1
[2016-06-02 12:34:45] EDIT esQltoR/static/css/web2py-bootstrap3.css: 1
[2016-06-02 12:35:08] EDIT esQltoR/static/css/web2py-bootstrap3.css: 0
[2016-06-02 12:38:13] EDIT esQltoR/static/css/web2py-bootstrap3.css: 0
[2016-06-06 10:48:24] CREATE escultorController.html: 0
[2016-06-06 10:48:35] DELETE esQltoR/views/escultorController.html: -3
[2016-06-06 10:49:24] CREATE EscultorController/index.html: 0
[2016-06-06 10:49:50] EDIT esQltoR/views/EscultorController/index.html: 0
[2016-06-06 11:09:35] EDIT esQltoR/views/default/error.html: 0
[2016-06-06 11:09:55] EDIT esQltoR/views/appadmin.html: 0
[2016-06-06 11:10:12] EDIT esQltoR/views/default/index.html: 0
[2016-06-06 11:10:17] EDIT esQltoR/views/default/user.html: 0
[2016-06-06 11:10:21] EDIT esQltoR/views/generic.html: 0
[2016-06-06 11:11:31] EDIT esQltoR/views/default/index.html: 0
[2016-06-06 11:17:44] EDIT esQltoR/views/EscultorController/index.html: -1
[2016-06-06 11:58:44] CREATE layout_empty.html: 0
[2016-06-06 12:02:07] DELETE esQltoR/views/layout_empty.html: -20
[2016-06-06 12:03:17] CREATE layout_vacio.html: 0
[2016-06-06 12:06:22] DELETE esQltoR/views/layout_vacio.html: -64
[2016-06-06 12:06:35] EDIT esQltoR/views/ArtistaController/index.html: 0
[2016-06-06 12:06:47] EDIT esQltoR/views/EscultorController/index.html: 0
[2016-06-06 12:06:51] EDIT esQltoR/views/EscultorController/show.html: 0
[2016-06-06 12:06:59] EDIT esQltoR/views/ArtistaController/show.html: 0
[2016-06-08 10:14:51] CREATE mibootstrap: 0
[2016-06-08 10:14:59] DELETE esQltoR/static/mibootstrap: 0
[2016-06-08 11:01:37] CREATE layout_general.html: 0
[2016-06-08 11:10:03] EDIT esQltoR/views/ArtistaController/show.html: 0
[2016-06-08 11:10:17] EDIT esQltoR/views/ArtistaController/index.html: 0
[2016-06-08 11:10:45] EDIT esQltoR/views/EscultorController/index.html: 0
[2016-06-08 11:10:54] EDIT esQltoR/views/EscultorController/show.html: 0
[2016-06-08 11:11:26] EDIT esQltoR/views/EscultorController/index.html: 0
[2016-06-08 11:11:29] EDIT esQltoR/views/EscultorController/show.html: 0
[2016-06-08 11:13:41] EDIT esQltoR/views/appadmin.html: 0
[2016-06-08 11:14:01] EDIT esQltoR/views/appadmin.html: 0
[2016-06-09 10:39:41] EDIT esQltoR/views/default/index.html: 0
[2016-06-09 10:50:52] EDIT esQltoR/views/layout_esqltor.html: 0
[2016-06-09 10:51:07] EDIT esQltoR/views/layout_esqltor.html: 0
[2016-06-09 10:54:30] EDIT esQltoR/views/layout_esqltor.html: 0
[2016-06-09 10:55:45] EDIT esQltoR/views/layout_esqltor.html: 0
[2016-06-09 10:56:17] EDIT esQltoR/views/layout_esqltor.html: 0
[2016-06-09 10:57:52] EDIT esQltoR/views/layout_esqltor.html: 0
[2016-06-09 10:58:04] EDIT esQltoR/views/layout_esqltor.html: 0
[2016-06-09 10:58:26] EDIT esQltoR/views/layout_esqltor.html: 0
[2016-06-09 11:29:41] EDIT esQltoR/views/EscultorController/index.html: 0
[2016-06-09 11:38:52] EDIT esQltoR/views/EscultorController/index.html: 0
[2016-06-09 11:39:15] EDIT esQltoR/views/EscultorController/index.html: 0
[2016-06-09 11:39:50] EDIT esQltoR/views/EscultorController/index.html: 0
[2016-06-09 11:40:21] EDIT esQltoR/views/EscultorController/index.html: 0
[2016-06-09 11:57:20] EDIT esQltoR/views/EscultorController/index.html: 0
[2016-06-09 11:58:03] EDIT esQltoR/views/EscultorController/index.html: 0
[2016-06-09 11:58:17] EDIT esQltoR/views/EscultorController/index.html: 0
[2016-06-09 11:58:43] EDIT esQltoR/views/EscultorController/index.html: 1
[2016-06-09 11:58:58] EDIT esQltoR/views/EscultorController/index.html: 0
[2016-06-09 11:59:19] EDIT esQltoR/views/EscultorController/index.html: 1
[2016-06-09 12:13:30] EDIT esQltoR/views/EscultorController/index.html: -10
[2016-06-09 12:14:08] EDIT esQltoR/views/ArtistaController/index.html: -10
[2016-06-09 12:39:36] EDIT esQltoR/views/EscultorController/index.html: 0
[2016-06-09 12:40:23] EDIT esQltoR/views/EscultorController/index.html: 0
[2016-06-09 12:42:02] EDIT esQltoR/views/EscultorController/index.html: 0
[2016-06-09 12:43:03] EDIT esQltoR/views/EscultorController/index.html: 0
[2016-06-09 12:43:39] EDIT esQltoR/views/EscultorController/index.html: 0
[2016-06-09 12:45:26] EDIT esQltoR/views/EscultorController/index.html: 0
[2016-06-09 12:46:15] EDIT esQltoR/views/EscultorController/index.html: 0
[2016-06-09 12:50:23] EDIT esQltoR/views/EscultorController/index.html: 0
[2016-06-09 13:14:26] EDIT esQltoR/views/EscultorController/index.html: 0
[2016-06-09 13:14:53] EDIT esQltoR/views/EscultorController/index.html: 0
[2016-06-09 13:36:17] EDIT esQltoR/views/EscultorController/index.html: 0
[2016-06-09 13:39:34] EDIT esQltoR/views/EscultorController/index.html: 0
[2016-06-09 13:41:33] EDIT esQltoR/views/EscultorController/index.html: 0
[2016-06-09 13:42:45] EDIT esQltoR/views/EscultorController/index.html: 0
[2016-06-09 13:47:49] EDIT esQltoR/views/EscultorController/index.html: 0
[2016-06-09 13:49:47] EDIT esQltoR/views/EscultorController/index.html: 0
[2016-06-09 13:53:39] EDIT esQltoR/views/EscultorController/index.html: 0
[2016-06-09 13:57:30] EDIT esQltoR/views/EscultorController/index.html: 0
[2016-06-09 13:59:08] EDIT esQltoR/views/EscultorController/index.html: 0
[2016-06-09 16:36:14] EDIT esQltoR/views/EscultorController/index.html: 0
[2016-06-09 16:42:27] EDIT esQltoR/views/EscultorController/index.html.1: 0
[2016-06-09 16:42:35] EDIT esQltoR/views/EscultorController/index.html.1: 0
[2016-06-09 16:54:07] EDIT esQltoR/views/EscultorController/index.html.1: 0
[2016-06-09 17:48:01] EDIT esQltoR/views/EscultorController/show.html: -1
[2016-06-09 18:13:14] EDIT esQltoR/views/ArtistaController/index.html: 8
[2016-06-10 12:26:55] EDIT esQltoR/controllers/ArtistaController.py: 2
[2016-06-10 12:29:47] EDIT esQltoR/views/ArtistaController/show.html: 3
[2016-06-10 12:29:56] EDIT esQltoR/views/ArtistaController/show.html: 0
[2016-06-10 12:32:03] EDIT esQltoR/views/ArtistaController/show.html: 4
[2016-06-10 12:34:09] EDIT esQltoR/views/ArtistaController/show.html: -2
[2016-06-10 12:34:56] EDIT esQltoR/views/ArtistaController/show.html: 0
[2016-06-10 12:35:56] EDIT esQltoR/views/ArtistaController/show.html: 0
[2016-06-10 12:36:00] EDIT esQltoR/views/ArtistaController/show.html: 0
[2016-06-21 10:58:40] CREATE BienalController.py: 0
[2016-06-21 11:19:15] CREATE BienalController/show.html: 0
[2016-06-21 11:20:24] EDIT esQltoR/views/BienalController/show.html: -1
[2016-06-21 11:22:22] EDIT esQltoR/controllers/BienalController.py: 1
[2016-06-21 11:22:24] EDIT esQltoR/views/BienalController/show.html: 0
[2016-06-21 11:23:37] EDIT esQltoR/controllers/BienalController.py: 1
[2016-06-21 11:24:08] EDIT esQltoR/controllers/BienalController.py: 0
[2016-06-21 11:24:11] EDIT esQltoR/controllers/BienalController.py: 0
[2016-06-21 11:24:13] EDIT esQltoR/views/BienalController/show.html: 0
[2016-06-21 11:24:17] EDIT esQltoR/views/BienalController/show.html: 0
[2016-06-21 11:24:46] EDIT esQltoR/controllers/BienalController.py: 0
[2016-06-21 11:24:53] EDIT esQltoR/controllers/BienalController.py: 0
[2016-06-21 11:27:08] EDIT esQltoR/views/BienalController/show.html: 0
[2016-06-21 11:27:31] EDIT esQltoR/views/BienalController/show.html: 0
[2016-06-21 11:27:51] EDIT esQltoR/views/BienalController/show.html: 0
[2016-06-21 11:27:51] EDIT esQltoR/views/BienalController/show.html: 0
[2016-06-21 11:46:20] EDIT esQltoR/static/css/web2py-bootstrap3.css: 4
[2016-06-21 11:46:39] EDIT esQltoR/views/BienalController/show.html: 3
[2016-06-21 11:48:00] EDIT esQltoR/views/BienalController/show.html: 0
[2016-06-21 11:49:20] EDIT esQltoR/static/css/web2py-bootstrap3.css: 1
[2016-06-21 11:49:21] EDIT esQltoR/static/css/web2py-bootstrap3.css: 0
[2016-06-21 11:49:35] EDIT esQltoR/static/css/web2py-bootstrap3.css: 0
[2016-06-21 11:49:53] EDIT esQltoR/static/css/web2py-bootstrap3.css: 0
[2016-06-21 11:49:55] EDIT esQltoR/static/css/web2py-bootstrap3.css: 0
[2016-06-21 11:50:01] EDIT esQltoR/static/css/web2py-bootstrap3.css: 0
[2016-06-21 11:50:08] EDIT esQltoR/static/css/web2py-bootstrap3.css: 0
[2016-06-21 11:50:15] EDIT esQltoR/static/css/web2py-bootstrap3.css: 0
[2016-06-21 11:50:26] EDIT esQltoR/static/css/web2py-bootstrap3.css: 0
[2016-06-21 11:50:53] EDIT esQltoR/static/css/web2py-bootstrap3.css: 0
[2016-06-21 11:51:36] EDIT esQltoR/views/BienalController/show.html: 0
[2016-06-21 11:51:42] EDIT esQltoR/views/BienalController/show.html: 0
[2016-06-21 11:53:28] EDIT esQltoR/views/BienalController/show.html: 0
[2016-06-21 11:53:57] EDIT esQltoR/views/BienalController/show.html: 0
[2016-06-21 11:54:18] EDIT esQltoR/static/css/web2py-bootstrap3.css: 0
[2016-06-21 11:54:22] EDIT esQltoR/static/css/web2py-bootstrap3.css: 0
[2016-06-21 11:58:23] EDIT esQltoR/static/css/web2py-bootstrap3.css: 0
[2016-06-21 11:58:27] EDIT esQltoR/static/css/web2py-bootstrap3.css: 0
[2016-06-21 12:00:12] EDIT esQltoR/static/css/web2py-bootstrap3.css: 0
[2016-06-21 12:00:30] EDIT esQltoR/static/css/web2py-bootstrap3.css: -1
[2016-06-21 12:02:36] EDIT esQltoR/static/css/web2py-bootstrap3.css: 4
[2016-06-21 12:03:17] EDIT esQltoR/views/BienalController/show.html: 4
[2016-06-21 12:09:12] EDIT esQltoR/views/BienalController/show.html: -5
[2016-06-21 12:09:37] EDIT esQltoR/views/BienalController/show.html: 0
[2016-06-21 12:10:15] EDIT esQltoR/views/BienalController/show.html: 4
[2016-06-21 12:10:15] EDIT esQltoR/views/BienalController/show.html: 0
[2016-06-21 12:10:33] EDIT esQltoR/views/BienalController/show.html: 0
[2016-06-21 12:24:40] EDIT esQltoR/static/css/web2py-bootstrap3.css: -8
[2016-06-21 12:27:43] EDIT esQltoR/views/EscultorController/show.html: 1
[2016-06-21 12:28:39] CREATE EsculturaController.py: 0
[2016-06-21 12:29:22] EDIT esQltoR/controllers/EsculturaController.py: 2
[2016-06-21 12:29:59] CREATE EsculturaController/show.html: 0
[2016-06-21 12:33:10] EDIT esQltoR/views/EscultorController/show.html: 0
[2016-06-21 12:34:16] EDIT esQltoR/views/EscultorController/show.html: 0
[2016-06-21 12:34:37] EDIT esQltoR/views/EscultorController/show.html: 0
[2016-06-21 12:35:24] EDIT esQltoR/views/EscultorController/show.html: 0
[2016-06-21 12:35:37] EDIT esQltoR/views/EscultorController/show.html: 0
[2016-06-21 12:36:10] EDIT esQltoR/views/EscultorController/show.html: 0
[2016-06-21 12:36:25] EDIT esQltoR/views/EscultorController/show.html: 0
[2016-06-21 12:36:40] EDIT esQltoR/views/EscultorController/show.html: 0
[2016-06-21 12:38:09] EDIT esQltoR/controllers/EsculturaController.py: 1
[2016-06-21 12:38:22] EDIT esQltoR/controllers/EsculturaController.py: -1
[2016-06-21 12:38:56] EDIT esQltoR/views/EsculturaController/show.html: -1
[2016-06-21 19:13:12] EDIT esQltoR/views/layout_esqltor.html: 0
[2016-06-21 19:13:28] EDIT esQltoR/views/layout_esqltor.html: 0
[2016-06-21 19:16:18] EDIT esQltoR/views/BienalController/show.html: 0
[2016-06-21 19:24:05] EDIT esQltoR/views/BienalController/show.html: 1
[2016-06-21 19:26:38] EDIT esQltoR/views/BienalController/show.html: 3
[2016-06-21 19:26:57] EDIT esQltoR/views/BienalController/show.html: 0
[2016-06-21 19:27:10] EDIT esQltoR/views/BienalController/show.html: 0
[2016-06-21 19:27:41] EDIT esQltoR/views/BienalController/show.html: 0
[2016-06-21 19:27:46] EDIT esQltoR/views/BienalController/show.html: 0
[2016-06-22 10:07:47] EDIT esQltoR/controllers/EscultorController.py: 3
[2016-06-22 10:08:21] CREATE EscultorController/escultura.html: 0
[2016-06-22 10:09:11] EDIT esQltoR/controllers/EscultorController.py: 1
[2016-06-22 10:09:19] EDIT esQltoR/controllers/EscultorController.py: 0
[2016-06-22 10:09:44] EDIT esQltoR/controllers/EscultorController.py: 0
[2016-06-22 10:09:58] EDIT esQltoR/views/EscultorController/show.html: 0
[2016-06-22 10:11:29] EDIT esQltoR/views/EscultorController/show.html: 0
[2016-06-22 10:12:14] EDIT esQltoR/views/EscultorController/show.html: 0
[2016-06-22 10:13:06] EDIT esQltoR/views/EscultorController/show.html: 0
[2016-06-22 10:14:35] EDIT esQltoR/views/EscultorController/escultura.html: -1
[2016-06-22 10:16:21] EDIT esQltoR/views/EscultorController/show.html: 0
[2016-06-22 10:26:36] EDIT esQltoR/views/EscultorController/show.html: 1
[2016-06-22 10:26:55] EDIT esQltoR/views/EscultorController/show.html: 0
[2016-06-22 10:27:54] EDIT esQltoR/views/EscultorController/show.html: 1
[2016-06-22 10:28:01] EDIT esQltoR/views/EscultorController/show.html: 0
[2016-06-22 10:28:14] EDIT esQltoR/views/EscultorController/show.html: 0
[2016-06-22 10:28:40] EDIT esQltoR/views/EscultorController/show.html: 0
[2016-06-22 10:28:58] EDIT esQltoR/views/EscultorController/show.html: 0
[2016-06-22 10:29:17] EDIT esQltoR/views/EscultorController/show.html: 0
[2016-06-22 10:30:51] EDIT esQltoR/views/EscultorController/show.html: 1
[2016-06-22 10:30:54] EDIT esQltoR/views/EscultorController/show.html: 0
[2016-06-22 10:31:23] EDIT esQltoR/views/EscultorController/show.html: 0
[2016-06-22 10:31:49] EDIT esQltoR/views/EscultorController/show.html: 0
[2016-06-22 10:32:40] EDIT esQltoR/views/EscultorController/show.html: 0
[2016-06-22 10:32:44] EDIT esQltoR/views/EscultorController/show.html: 0
[2016-06-22 10:33:40] EDIT esQltoR/views/EscultorController/show.html: 0
[2016-06-22 10:34:28] EDIT esQltoR/views/EscultorController/show.html: 0
[2016-06-22 10:55:13] EDIT esQltoR/views/EscultorController/show.html: 1
[2016-06-22 10:55:17] EDIT esQltoR/views/EscultorController/show.html: 0
[2016-06-22 10:55:43] EDIT esQltoR/views/EscultorController/show.html: 0
[2016-06-22 10:55:56] EDIT esQltoR/views/EscultorController/show.html: 0
[2016-06-22 11:01:26] EDIT esQltoR/views/EscultorController/show.html: 3
[2016-06-22 11:30:23] EDIT esQltoR/models/db_esqltor.py: 6
[2016-06-22 12:20:52] EDIT esQltoR/views/EscultorController/escultura.html: 0
[2016-06-22 12:24:31] EDIT esQltoR/views/EscultorController/escultura.html: 0
[2016-06-22 12:24:54] EDIT esQltoR/views/EscultorController/escultura.html: 1
[2016-06-22 12:25:29] EDIT esQltoR/views/EscultorController/escultura.html: 0
[2016-06-22 12:26:02] EDIT esQltoR/views/EscultorController/escultura.html: 0
[2016-06-22 12:28:42] EDIT esQltoR/views/EscultorController/escultura.html: 0
[2016-06-22 12:29:47] EDIT esQltoR/controllers/EscultorController.py: 0
[2016-06-22 12:30:04] EDIT esQltoR/controllers/EscultorController.py: 0
[2016-06-22 12:30:27] EDIT esQltoR/views/EscultorController/escultura.html: 0
[2016-06-22 12:33:27] EDIT esQltoR/controllers/EscultorController.py: 0
[2016-06-22 12:36:05] EDIT esQltoR/views/EscultorController/escultura.html: 1
[2016-06-22 12:36:19] EDIT esQltoR/views/EscultorController/escultura.html: 1
[2016-06-22 12:40:27] EDIT esQltoR/views/EscultorController/escultura.html: -2
[2016-06-22 12:40:58] EDIT esQltoR/views/EscultorController/escultura.html: 0
[2016-06-22 12:43:18] EDIT esQltoR/controllers/EscultorController.py: 1
[2016-06-22 12:43:33] EDIT esQltoR/views/EscultorController/escultura.html: 0
[2016-06-22 12:48:48] EDIT esQltoR/controllers/EscultorController.py: -1
[2016-06-22 12:49:01] EDIT esQltoR/controllers/EscultorController.py: 0
[2016-06-22 12:49:07] EDIT esQltoR/views/EscultorController/escultura.html: 0
[2016-06-22 12:49:38] EDIT esQltoR/views/EscultorController/escultura.html: 0
[2016-06-22 12:49:56] EDIT esQltoR/views/EscultorController/escultura.html: 0
[2016-06-22 12:51:04] EDIT esQltoR/views/EscultorController/escultura.html: 1
[2016-06-22 12:51:26] EDIT esQltoR/views/EscultorController/escultura.html: 1
[2016-06-22 12:52:00] EDIT esQltoR/controllers/EscultorController.py: 0
[2016-06-22 12:52:17] EDIT esQltoR/views/EscultorController/escultura.html: -2
[2016-06-22 12:52:41] EDIT esQltoR/views/EscultorController/escultura.html: 0
[2016-06-22 12:53:27] EDIT esQltoR/views/EscultorController/escultura.html: 1
[2016-06-21 03:21:09] EDIT esQltoR/views/BienalController/show.html: 148
[2016-06-21 03:22:16] EDIT esQltoR/views/BienalController/show.html: -31
[2016-06-21 03:23:54] EDIT esQltoR/views/BienalController/show.html: 0
[2016-06-21 03:28:16] EDIT esQltoR/views/BienalController/show.html: 0
[2016-06-21 03:30:06] EDIT esQltoR/views/BienalController/show.html: 0
[2016-06-21 03:32:15] EDIT esQltoR/views/BienalController/show.html: 0
[2016-06-21 03:32:45] EDIT esQltoR/views/BienalController/show.html: -60
[2016-06-21 03:36:34] EDIT esQltoR/views/BienalController/show.html: -4
[2016-06-21 03:39:04] EDIT esQltoR/views/BienalController/show.html: 0
[2016-06-21 03:39:46] EDIT esQltoR/views/BienalController/show.html: 0
[2016-06-21 03:41:00] EDIT esQltoR/views/BienalController/show.html: -1
[2016-06-21 03:41:16] EDIT esQltoR/views/BienalController/show.html: -1
[2016-06-21 03:45:46] EDIT esQltoR/views/BienalController/show.html: 0
[2016-06-21 03:50:37] EDIT esQltoR/views/BienalController/show.html: 12
[2016-06-21 03:51:35] EDIT esQltoR/views/BienalController/show.html: -3
[2016-06-21 03:52:27] EDIT esQltoR/views/BienalController/show.html: 1
[2016-06-21 03:56:23] EDIT esQltoR/views/BienalController/show.html: 0
[2016-06-21 03:57:32] EDIT esQltoR/views/BienalController/show.html: 0
[2016-06-21 03:58:17] EDIT esQltoR/views/BienalController/show.html: 0
[2016-06-21 03:58:57] EDIT esQltoR/views/BienalController/show.html: 0
[2016-06-21 03:59:38] EDIT esQltoR/views/BienalController/show.html: 1
[2016-06-21 04:00:19] EDIT esQltoR/views/BienalController/show.html: 0
[2016-06-21 04:00:54] EDIT esQltoR/views/BienalController/show.html: 0
[2016-06-21 04:01:29] EDIT esQltoR/views/BienalController/show.html: 0
[2016-06-21 04:13:31] EDIT esQltoR/views/EsculturaController/show.html: 3
[2016-06-21 04:15:01] EDIT esQltoR/views/EsculturaController/show.html: -3
[2016-06-24 19:18:51] EDIT esQltoR/controllers/EscultorController.py: 0
[2016-06-24 19:21:02] EDIT esQltoR/views/EscultorController/escultura.html: 1
[2016-06-24 19:21:42] EDIT esQltoR/views/EscultorController/escultura.html: 0
[2016-06-24 19:26:11] EDIT esQltoR/views/EscultorController/escultura.html: 0
[2016-06-24 19:31:24] EDIT esQltoR/views/EscultorController/escultura.html: 1
[2016-06-24 19:37:45] EDIT esQltoR/views/EscultorController/escultura.html: 0
[2016-06-24 19:38:12] EDIT esQltoR/views/EscultorController/escultura.html: 2
[2016-06-24 19:41:32] EDIT esQltoR/views/EscultorController/escultura.html: 0
[2016-06-24 19:42:18] EDIT esQltoR/views/EscultorController/escultura.html: 0
[2016-06-24 19:43:36] EDIT esQltoR/views/EscultorController/escultura.html: 2
[2016-06-24 19:44:04] EDIT esQltoR/views/EscultorController/escultura.html: 1
[2016-06-24 19:45:27] EDIT esQltoR/views/EscultorController/escultura.html: 2
[2016-06-24 19:46:24] EDIT esQltoR/views/EscultorController/escultura.html: 2
[2016-06-24 19:54:18] EDIT esQltoR/views/EscultorController/escultura.html: 8
[2016-06-24 19:55:01] EDIT esQltoR/views/EscultorController/escultura.html: 0
[2016-06-24 19:56:18] EDIT esQltoR/views/EscultorController/escultura.html: -2
[2016-06-24 19:56:40] EDIT esQltoR/views/EscultorController/escultura.html: -1
[2016-06-24 19:57:42] EDIT esQltoR/views/EscultorController/escultura.html: -2
[2016-06-24 19:57:47] EDIT esQltoR/views/EscultorController/escultura.html: -2
[2016-06-24 20:12:29] EDIT esQltoR/views/EscultorController/escultura.html: 1
[2016-06-24 20:12:48] EDIT esQltoR/views/EscultorController/escultura.html: 0
[2016-06-24 20:13:15] EDIT esQltoR/views/EscultorController/escultura.html: 1
[2016-06-24 20:23:43] EDIT esQltoR/views/EscultorController/escultura.html: 10
[2016-06-24 20:24:34] EDIT esQltoR/views/EscultorController/escultura.html: 1
[2016-06-24 20:24:43] EDIT esQltoR/views/EscultorController/escultura.html: 0
[2016-06-24 20:25:06] EDIT esQltoR/views/EscultorController/escultura.html: 0
[2016-06-24 20:26:29] EDIT esQltoR/views/EscultorController/escultura.html: 1
[2016-06-24 20:26:32] EDIT esQltoR/views/EscultorController/escultura.html: 0
[2016-06-24 20:26:50] EDIT esQltoR/views/EscultorController/escultura.html: 0
[2016-06-24 20:30:09] EDIT esQltoR/views/EscultorController/show.html: 0
[2016-06-24 20:33:20] EDIT esQltoR/views/EscultorController/show.html: 0
[2016-06-24 20:36:30] EDIT esQltoR/views/EscultorController/show.html: 0
[2016-06-24 20:36:58] EDIT esQltoR/views/EscultorController/show.html: 0
[2016-06-24 20:38:28] EDIT esQltoR/views/EscultorController/show.html: 1
[2016-06-24 20:38:44] EDIT esQltoR/views/EscultorController/show.html: 0
[2016-06-24 20:40:18] EDIT esQltoR/views/EscultorController/show.html: 0
[2016-06-24 20:40:36] EDIT esQltoR/views/EscultorController/show.html: 0
[2016-06-24 20:41:06] EDIT esQltoR/views/EscultorController/show.html: 0
[2016-06-24 20:41:46] EDIT esQltoR/views/EscultorController/show.html: 1
[2016-06-24 20:44:02] EDIT esQltoR/views/EscultorController/show.html: 0
[2016-06-24 20:44:21] EDIT esQltoR/views/ArtistaController/show.html: 0
[2016-06-24 20:44:36] EDIT esQltoR/views/ArtistaController/show.html: 0
[2016-06-24 20:44:46] EDIT esQltoR/views/ArtistaController/show.html: 0
[2016-06-24 20:49:59] EDIT esQltoR/views/ArtistaController/show.html: 0
[2016-06-24 20:58:45] EDIT esQltoR/views/EscultorController/index.html: 15
[2016-06-24 21:00:22] EDIT esQltoR/views/EscultorController/index.html: -10
[2016-06-24 21:00:34] EDIT esQltoR/views/EscultorController/index.html: 0
[2016-06-24 21:02:42] EDIT esQltoR/views/EscultorController/index.html: 0
[2016-06-24 21:03:27] EDIT esQltoR/views/EscultorController/index.html: 0
[2016-06-24 21:04:45] EDIT esQltoR/views/EscultorController/index.html: 0
[2016-06-24 21:04:58] EDIT esQltoR/views/EscultorController/index.html: 0
[2016-06-24 21:06:34] EDIT esQltoR/views/EscultorController/index.html: 0
[2016-06-24 21:07:14] EDIT esQltoR/views/EscultorController/index.html: 0
[2016-06-24 21:15:14] EDIT esQltoR/views/EscultorController/index.html: 0
[2016-06-24 21:34:25] EDIT esQltoR/views/EscultorController/index.html: 0
[2016-06-24 21:41:12] EDIT esQltoR/models/db_esqltor.py: 2
[2016-06-24 21:41:33] EDIT esQltoR/views/ArtistaController/index.html: 5
[2016-06-24 21:42:41] EDIT esQltoR/views/ArtistaController/index.html: 0
[2016-06-24 21:43:33] EDIT esQltoR/views/EscultorController/index.html: 0
[2016-06-24 21:45:43] EDIT esQltoR/views/EscultorController/index.html: 1
[2016-06-24 21:46:20] EDIT esQltoR/views/EscultorController/index.html: -1
[2016-06-24 21:46:44] EDIT esQltoR/views/ArtistaController/index.html: 0
[2016-06-24 21:46:50] EDIT esQltoR/views/ArtistaController/index.html: 0
[2016-06-24 21:48:02] EDIT esQltoR/views/ArtistaController/show.html: 3
[2016-06-24 21:48:15] EDIT esQltoR/views/ArtistaController/show.html: 0
[2016-06-24 21:50:08] EDIT esQltoR/views/EscultorController/show.html: 4
[2016-06-24 21:50:36] EDIT esQltoR/views/EscultorController/show.html: 1
[2016-06-24 21:50:45] EDIT esQltoR/views/EscultorController/show.html: 0
[2016-06-24 21:54:52] EDIT esQltoR/views/layout_general.html: 1
[2016-06-24 21:55:34] EDIT esQltoR/views/layout_esqltor.html: -1
[2016-06-24 21:57:51] EDIT esQltoR/views/layout_general.html: 0
[2016-06-24 21:59:07] EDIT esQltoR/views/layout_esqltor.html: 1
[2016-06-24 22:03:09] EDIT esQltoR/views/layout_general.html: 0
[2016-06-24 22:03:24] EDIT esQltoR/views/layout_general.html: 0
[2016-06-24 22:03:40] EDIT esQltoR/views/layout_general.html: 0
[2016-06-24 22:04:02] EDIT esQltoR/views/layout_general.html: 0
[2016-06-24 22:04:15] EDIT esQltoR/views/layout_general.html: 0
[2016-06-24 22:06:18] EDIT esQltoR/views/layout_general.html: 0
[2016-06-24 22:06:39] EDIT esQltoR/views/layout_general.html: 0
[2016-06-24 22:07:52] EDIT esQltoR/views/layout_general.html: 1
[2016-06-24 22:08:08] EDIT esQltoR/views/layout_esqltor.html: 1
[2016-06-24 22:08:57] EDIT esQltoR/views/layout_esqltor.html: -1
[2016-06-24 22:09:05] EDIT esQltoR/views/layout_general.html: -1
[2016-06-24 22:12:41] EDIT esQltoR/controllers/EscultorController.py: 1
[2016-06-24 22:13:34] EDIT esQltoR/views/layout_general.html: 0
[2016-06-24 22:15:09] EDIT esQltoR/controllers/EscultorController.py: 2
[2016-06-24 22:15:47] EDIT esQltoR/controllers/ArtistaController.py: 2
[2016-06-24 22:16:36] EDIT esQltoR/controllers/BienalController.py: 1
[2016-06-24 22:16:40] EDIT esQltoR/controllers/BienalController.py: 0
[2016-06-24 22:17:03] EDIT esQltoR/controllers/BienalController.py: 0
[2016-06-25 11:43:09] EDIT esQltoR/views/BienalController/show.html: -5
[2016-06-25 11:44:24] EDIT esQltoR/views/BienalController/show.html: -1
[2016-06-25 11:44:32] EDIT esQltoR/views/BienalController/show.html: 0
[2016-06-25 11:50:55] EDIT esQltoR/views/BienalController/show.html: 0
[2016-06-25 11:51:44] EDIT esQltoR/views/BienalController/show.html: 0
[2016-06-25 11:54:19] EDIT esQltoR/views/BienalController/show.html: 0
[2016-06-25 11:54:39] EDIT esQltoR/views/BienalController/show.html: 0
[2016-06-25 11:57:04] EDIT esQltoR/views/BienalController/show.html: 0
[2016-06-25 11:57:08] EDIT esQltoR/views/BienalController/show.html: 0
[2016-06-25 11:57:26] EDIT esQltoR/views/BienalController/show.html: 0
[2016-06-25 12:01:29] EDIT esQltoR/views/BienalController/show.html: 0
[2016-06-25 12:01:32] EDIT esQltoR/views/BienalController/show.html: 0
[2016-06-25 12:02:59] EDIT esQltoR/views/BienalController/show.html: 0
[2016-06-25 12:04:28] EDIT esQltoR/views/BienalController/show.html: 0
[2016-06-25 12:04:55] EDIT esQltoR/views/BienalController/show.html: 0
[2016-06-25 12:05:05] EDIT esQltoR/views/BienalController/show.html: 0
[2016-06-25 12:05:53] EDIT esQltoR/views/BienalController/show.html: 0
[2016-06-25 12:08:14] EDIT esQltoR/views/BienalController/show.html: 0
[2016-06-25 12:09:53] EDIT esQltoR/views/BienalController/show.html: 0
[2016-06-25 12:10:12] EDIT esQltoR/views/BienalController/show.html: -1
[2016-06-25 12:10:14] EDIT esQltoR/views/BienalController/show.html: 0
[2016-06-25 12:11:06] EDIT esQltoR/views/BienalController/show.html: 0
[2016-06-25 12:11:39] EDIT esQltoR/views/BienalController/show.html: 0
[2016-06-25 12:12:24] EDIT esQltoR/views/BienalController/show.html: 0
[2016-06-25 12:13:58] EDIT esQltoR/views/BienalController/show.html: 5
[2016-06-25 13:35:18] EDIT esQltoR/views/BienalController/show.html: 3
[2016-06-25 13:36:03] EDIT esQltoR/views/BienalController/show.html: 0
[2016-06-25 13:36:27] EDIT esQltoR/views/BienalController/show.html: 0
[2016-06-25 13:37:06] EDIT esQltoR/views/BienalController/show.html: 0
[2016-06-25 13:38:55] EDIT esQltoR/views/BienalController/show.html: 0
[2016-06-25 13:39:03] EDIT esQltoR/views/BienalController/show.html: 0
[2016-06-25 13:39:25] EDIT esQltoR/views/BienalController/show.html: 0
[2016-06-25 13:39:50] EDIT esQltoR/views/BienalController/show.html: 1
[2016-06-25 13:41:15] EDIT esQltoR/views/BienalController/show.html: 1
[2016-06-25 13:41:33] EDIT esQltoR/views/BienalController/show.html: 1
[2016-06-25 13:42:10] EDIT esQltoR/views/BienalController/show.html: 0
[2016-06-25 13:42:43] EDIT esQltoR/views/BienalController/show.html: 0
[2016-06-25 13:42:59] EDIT esQltoR/views/BienalController/show.html: 0
[2016-06-25 13:43:30] EDIT esQltoR/views/BienalController/show.html: 0
[2016-06-25 13:43:47] EDIT esQltoR/views/BienalController/show.html: 0
[2016-06-25 13:44:29] EDIT esQltoR/views/BienalController/show.html: 1
[2016-06-25 13:44:48] EDIT esQltoR/views/BienalController/show.html: 1
[2016-06-25 13:50:59] EDIT esQltoR/views/BienalController/show.html: 2
[2016-06-25 13:54:26] EDIT esQltoR/views/layout_general.html: 1
[2016-06-25 13:54:41] EDIT esQltoR/views/layout_general.html: 1
[2016-06-25 13:55:19] EDIT esQltoR/views/layout_general.html: 0
[2016-06-25 13:56:52] EDIT esQltoR/views/layout_general.html: -2
[2016-06-25 13:57:07] EDIT esQltoR/controllers/BienalController.py: 0
[2016-06-25 13:59:48] EDIT esQltoR/views/BienalController/show.html: 2
[2016-06-25 14:03:03] EDIT esQltoR/views/BienalController/show.html: 0
[2016-06-25 14:03:48] EDIT esQltoR/views/BienalController/show.html: -1
[2016-06-25 14:07:13] EDIT esQltoR/views/BienalController/show.html: 0
[2016-06-25 14:08:37] EDIT esQltoR/views/BienalController/show.html: 2
[2016-06-25 14:08:46] EDIT esQltoR/views/BienalController/show.html: 0
[2016-06-25 14:09:06] EDIT esQltoR/views/BienalController/show.html: 0
[2016-06-25 14:11:02] EDIT esQltoR/views/BienalController/show.html: 13
[2016-06-25 14:11:20] EDIT esQltoR/views/BienalController/show.html: 0
[2016-06-25 14:11:30] EDIT esQltoR/views/BienalController/show.html: 0
[2016-06-25 14:11:44] EDIT esQltoR/views/BienalController/show.html: 0
[2016-06-25 14:11:57] EDIT esQltoR/views/BienalController/show.html: 0
[2016-06-25 14:13:29] EDIT esQltoR/views/BienalController/show.html: -1
[2016-06-25 14:14:56] EDIT esQltoR/views/BienalController/show.html: 0
[2016-06-25 14:16:27] EDIT esQltoR/views/BienalController/show.html: 0
[2016-06-25 14:16:43] EDIT esQltoR/views/BienalController/show.html: 0
[2016-06-25 14:19:04] EDIT esQltoR/views/BienalController/show.html: 10
[2016-06-25 14:20:22] EDIT esQltoR/views/BienalController/show.html: -1
[2016-06-25 14:22:14] EDIT esQltoR/views/BienalController/show.html: 1
[2016-06-25 14:22:29] EDIT esQltoR/views/BienalController/show.html: 0
[2016-06-25 14:22:50] EDIT esQltoR/views/BienalController/show.html: 1
[2016-06-25 14:24:32] EDIT esQltoR/views/BienalController/show.html: 0
[2016-06-25 14:26:01] EDIT esQltoR/views/BienalController/show.html: 0
[2016-06-25 14:26:15] EDIT esQltoR/views/BienalController/show.html: 0
[2016-06-27 00:26:51] EDIT esQltoR/views/BienalController/show.html: 0
[2016-06-27 00:40:09] EDIT esQltoR/views/BienalController/show.html: 5
[2016-06-27 00:42:43] EDIT esQltoR/views/BienalController/show.html: 0
[2016-06-27 00:49:07] EDIT esQltoR/views/BienalController/show.html: 12
[2016-06-27 08:54:57] EDIT esQltoR/views/BienalController/show.html: 4
[2016-06-27 08:55:35] EDIT esQltoR/views/BienalController/show.html: 4
[2016-06-27 08:56:04] EDIT esQltoR/views/BienalController/show.html: 0
[2016-06-27 08:56:40] EDIT esQltoR/views/BienalController/show.html: 2
[2016-06-27 08:57:18] EDIT esQltoR/views/BienalController/show.html: 2
[2016-06-27 08:57:52] EDIT esQltoR/views/BienalController/show.html: 0
[2016-06-27 08:59:09] EDIT esQltoR/views/BienalController/show.html: 4
[2016-06-27 08:59:41] EDIT esQltoR/views/BienalController/show.html: 0
[2016-06-27 09:00:03] EDIT esQltoR/views/BienalController/show.html: 2
[2016-06-27 09:01:15] EDIT esQltoR/views/BienalController/show.html: 0
[2016-06-27 09:11:01] EDIT esQltoR/views/ArtistaController/show.html: 3
[2016-06-27 09:11:20] EDIT esQltoR/views/ArtistaController/show.html: 0
[2016-06-27 09:12:02] EDIT esQltoR/views/ArtistaController/show.html: 3
[2016-06-27 09:12:40] EDIT esQltoR/views/ArtistaController/show.html: 3
[2016-06-27 09:13:35] EDIT esQltoR/views/ArtistaController/show.html: 0
[2016-06-29 10:49:44] EDIT esQltoR/views/ArtistaController/show.html: 1
[2016-06-29 10:50:00] EDIT esQltoR/controllers/ArtistaController.py: 5
[2016-06-29 10:50:02] EDIT esQltoR/controllers/EscultorController.py: 0
[2016-06-29 10:50:04] EDIT esQltoR/views/EscultorController/show.html: 0
[2016-06-29 10:50:06] EDIT esQltoR/views/ArtistaController/show.html: 0
[2016-06-29 10:50:50] CREATE ArtistaController/escultura.html: 0
[2016-06-29 10:50:59] EDIT esQltoR/views/ArtistaController/escultura.html: 0
[2016-06-29 10:51:45] EDIT esQltoR/controllers/ArtistaController.py: 0
[2016-06-29 10:51:45] EDIT esQltoR/controllers/ArtistaController.py: 0
[2016-06-29 10:52:09] EDIT esQltoR/controllers/ArtistaController.py: 0
[2016-06-29 10:52:51] EDIT esQltoR/controllers/ArtistaController.py: 0
[2016-06-29 10:56:52] EDIT esQltoR/views/ArtistaController/escultura.html: 27
[2016-06-29 11:03:43] EDIT esQltoR/controllers/ArtistaController.py: 0
[2016-06-29 11:04:06] EDIT esQltoR/views/ArtistaController/show.html: 0
[2016-06-29 11:04:16] EDIT esQltoR/views/ArtistaController/escultura.html: 0
[2016-06-29 11:18:18] EDIT esQltoR/views/ArtistaController/show.html: 0
[2016-06-29 11:20:49] EDIT esQltoR/views/ArtistaController/escultura.html: 0
[2016-06-29 11:23:02] EDIT esQltoR/views/ArtistaController/escultura.html: 0
[2016-06-29 11:30:06] EDIT esQltoR/views/BienalController/show.html: -29
[2016-06-29 11:33:40] EDIT esQltoR/views/BienalController/show.html: -20
[2016-06-29 11:39:41] EDIT esQltoR/views/ArtistaController/escultura.html: 1
[2016-06-29 11:40:07] EDIT esQltoR/views/ArtistaController/escultura.html: 0
[2016-06-29 11:42:59] EDIT esQltoR/views/ArtistaController/escultura.html: 0
[2016-06-29 11:44:12] EDIT esQltoR/views/ArtistaController/escultura.html: 0
[2016-06-29 11:47:41] EDIT esQltoR/views/ArtistaController/show.html: 0
[2016-06-29 11:48:33] EDIT esQltoR/views/ArtistaController/show.html: -9
